

***********************************************************************
Fatal NI connect error 12560, connecting to:
 (DESCRIPTION=(ADDRESS=(PROTOCOL=BEQ)(PROGRAM=oracle)(ARGV0=oraclesalbd)(ARGS='(DESCRIPTION=(LOCAL=YES)(ADDRESS=(PROTOCOL=beq)))'))(CONNECT_DATA=(SID=salbd)(CID=(PROGRAM=C:\Program Files\Microsoft Visual FoxPro 8\vfp8.exe)(HOST=BUTTERFLY)(USER=Ioana))))

  VERSION INFORMATION:
	TNS for 32-bit Windows: Version 9.2.0.1.0 - Production
	Oracle Bequeath NT Protocol Adapter for 32-bit Windows: Version 9.2.0.1.0 - Production
  Time: 27-MAI-2004 21:18:15
  Tracing not turned on.
  Tns error struct:
    nr err code: 0
    ns main err code: 12560
    TNS-12560: TNS:eroare la adaptorul de protocol
    ns secondary err code: 0
    nt main err code: 530
    TNS-00530: Eroare la adaptorul de protocol
    nt secondary err code: 2
    nt OS err code: 0


***********************************************************************
Fatal NI connect error 12541, connecting to:
 (DESCRIPTION=(ADDRESS=(PROTOCOL=TCP)(HOST=bebe)(PORT=1521))(CONNECT_DATA=(SERVER=DEDICATED)(SERVICE_NAME=BEBE)(CID=(PROGRAM=C:\Program Files\Microsoft Visual FoxPro 8\vfp8.exe)(HOST=BEBE)(USER=Jmecher))))

  VERSION INFORMATION:
	TNS for 32-bit Windows: Version 9.2.0.1.0 - Production
	Windows NT TCP/IP NT Protocol Adapter for 32-bit Windows: Version 9.2.0.1.0 - Production
  Time: 01-JUN-2004 22:36:13
  Tracing not turned on.
  Tns error struct:
    nr err code: 0
    ns main err code: 12541
    TNS-12541: TNS:no listener
    ns secondary err code: 12560
    nt main err code: 511
    TNS-00511: No listener
    nt secondary err code: 61
    nt OS err code: 0


***********************************************************************
Fatal NI connect error 12541, connecting to:
 (DESCRIPTION=(ADDRESS=(PROTOCOL=TCP)(HOST=bebe)(PORT=1521))(CONNECT_DATA=(SERVER=DEDICATED)(SERVICE_NAME=BEBE)(CID=(PROGRAM=C:\Program Files\Microsoft Visual FoxPro 8\vfp8.exe)(HOST=BEBE)(USER=Jmecher))))

  VERSION INFORMATION:
	TNS for 32-bit Windows: Version 9.2.0.1.0 - Production
	Windows NT TCP/IP NT Protocol Adapter for 32-bit Windows: Version 9.2.0.1.0 - Production
  Time: 01-JUN-2004 22:36:16
  Tracing not turned on.
  Tns error struct:
    nr err code: 0
    ns main err code: 12541
    TNS-12541: TNS:no listener
    ns secondary err code: 12560
    nt main err code: 511
    TNS-00511: No listener
    nt secondary err code: 61
    nt OS err code: 0


***********************************************************************
Fatal NI connect error 12541, connecting to:
 (DESCRIPTION=(ADDRESS=(PROTOCOL=TCP)(HOST=bebe)(PORT=1521))(CONNECT_DATA=(SERVER=DEDICATED)(SERVICE_NAME=BEBE)(CID=(PROGRAM=C:\Program Files\Microsoft Visual FoxPro 8\vfp8.exe)(HOST=BEBE)(USER=Jmecher))))

  VERSION INFORMATION:
	TNS for 32-bit Windows: Version 9.2.0.1.0 - Production
	Windows NT TCP/IP NT Protocol Adapter for 32-bit Windows: Version 9.2.0.1.0 - Production
  Time: 02-JUN-2004 23:27:07
  Tracing not turned on.
  Tns error struct:
    nr err code: 0
    ns main err code: 12541
    TNS-12541: TNS:no listener
    ns secondary err code: 12560
    nt main err code: 511
    TNS-00511: No listener
    nt secondary err code: 61
    nt OS err code: 0
